<?xml version="1.0" encoding="UTF-8"?>
<testng-results ignored="0" total="1" passed="1" failed="0" skipped="0">
  <reporter-output>
  </reporter-output>
  <suite started-at="2025-08-03T19:00:51 EET" name="Default suite" finished-at="2025-08-03T19:01:21 EET" duration-ms="29512">
    <groups>
    </groups>
    <test started-at="2025-08-03T19:00:51 EET" name="Default test" finished-at="2025-08-03T19:01:21 EET" duration-ms="29512">
      <class name="Tests.PaymentPageTest">
        <test-method is-config="true" signature="setUp()[pri:0, instance:Tests.PaymentPageTest@235834f2]" started-at="2025-08-03T19:00:51 EET" name="setUp" finished-at="2025-08-03T19:00:55 EET" duration-ms="3832" status="PASS">
          <reporter-output>
          </reporter-output>
        </test-method> <!-- setUp -->
        <test-method signature="testCompleteOrder()[pri:3, instance:Tests.PaymentPageTest@235834f2]" started-at="2025-08-03T19:00:55 EET" name="testCompleteOrder" finished-at="2025-08-03T19:01:21 EET" duration-ms="25614" status="PASS">
          <reporter-output>
          </reporter-output>
        </test-method> <!-- testCompleteOrder -->
      </class> <!-- Tests.PaymentPageTest -->
    </test> <!-- Default test -->
  </suite> <!-- Default suite -->
</testng-results>
